==28701== Memcheck, a memory error detector
==28701== Copyright (C) 2002-2012, and GNU GPL'd, by Julian Seward et al.
==28701== Using Valgrind-3.8.1 and LibVEX; rerun with -h for copyright info
==28701== Command: ./pa01
==28701== Parent PID: 30855
==28701== 
--28701-- 
--28701-- Valgrind options:
--28701--    --tool=memcheck
--28701--    --leak-check=full
--28701--    --verbose
--28701--    --log-file=memcheck.log
--28701-- Contents of /proc/version:
--28701--   Linux version 2.6.32-504.23.4.el6.x86_64 (mockbuild@x86-029.build.eng.bos.redhat.com) (gcc version 4.4.7 20120313 (Red Hat 4.4.7-9) (GCC) ) #1 SMP Fri May 29 10:16:43 EDT 2015
--28701-- Arch and hwcaps: AMD64, amd64-sse3-cx16-avx
--28701-- Page sizes: currently 4096, max supported 4096
--28701-- Valgrind library directory: /usr/lib64/valgrind
--28701-- Reading syms from /home/shay/a/nnighojk/ECE264/problems/ECE264Assignments/Summer2014/PA01/pa01
--28701-- Reading syms from /usr/lib64/valgrind/memcheck-amd64-linux
--28701--    object doesn't have a dynamic symbol table
--28701-- Reading syms from /lib64/ld-2.12.so
--28701--   Considering /usr/lib/debug/.build-id/5b/eb2450b75e84ff317c65f22af8b8112c25df63.debug ..
--28701--   .. build-id is valid
--28701-- Scheduler: using generic scheduler lock implementation.
--28701-- Reading suppressions file: /usr/lib64/valgrind/default.supp
==28701== embedded gdbserver: reading from /tmp/vgdb-pipe-from-vgdb-to-28701-by-nnighojk-on-ecegrid-thin4.ecn.purdue.edu
==28701== embedded gdbserver: writing to   /tmp/vgdb-pipe-to-vgdb-from-28701-by-nnighojk-on-ecegrid-thin4.ecn.purdue.edu
==28701== embedded gdbserver: shared mem   /tmp/vgdb-pipe-shared-mem-vgdb-28701-by-nnighojk-on-ecegrid-thin4.ecn.purdue.edu
==28701== 
==28701== TO CONTROL THIS PROCESS USING vgdb (which you probably
==28701== don't want to do, unless you know exactly what you're doing,
==28701== or are doing some strange experiment):
==28701==   /usr/lib64/valgrind/../../bin/vgdb --pid=28701 ...command...
==28701== 
==28701== TO DEBUG THIS PROCESS USING GDB: start GDB like this
==28701==   /path/to/gdb ./pa01
==28701== and then give GDB the following command
==28701==   target remote | /usr/lib64/valgrind/../../bin/vgdb --pid=28701
==28701== --pid is optional if only one valgrind process is running
==28701== 
--28701-- REDIR: 0x3c3fa176d0 (strlen) redirected to 0x38049551 (vgPlain_amd64_linux_REDIR_FOR_strlen)
--28701-- Reading syms from /usr/lib64/valgrind/vgpreload_core-amd64-linux.so
--28701-- Reading syms from /usr/lib64/valgrind/vgpreload_memcheck-amd64-linux.so
--28701-- REDIR: 0x3c3fa174e0 (index) redirected to 0x4a07c30 (index)
--28701-- REDIR: 0x3c3fa17560 (strcmp) redirected to 0x4a08570 (strcmp)
--28701-- Reading syms from /lib64/libc-2.12.so
--28701--   Considering /usr/lib/debug/.build-id/c7/df056b7c109a41096296cd70702f2eada124b0.debug ..
--28701--   .. build-id is valid
--28701-- REDIR: 0x3c3fe84cd0 (strcasecmp) redirected to 0x480155c (_vgnU_ifunc_wrapper)
--28701-- REDIR: 0x3c3fe86f90 (strncasecmp) redirected to 0x480155c (_vgnU_ifunc_wrapper)
--28701-- REDIR: 0x3c3fe82c40 (__GI_strrchr) redirected to 0x4a07ab0 (__GI_strrchr)
--28701-- REDIR: 0x3c3fe81160 (__GI_strlen) redirected to 0x4a07fb0 (__GI_strlen)
--28701-- REDIR: 0x3c3fe84500 (mempcpy) redirected to 0x4a0a020 (mempcpy)
--28701-- REDIR: 0x3c3fe8aaf0 (strchrnul) redirected to 0x4a09fb0 (strchrnul)
--28701-- REDIR: 0x3c3fe7b520 (free) redirected to 0x4a063a9 (free)
==28701== 
==28701== HEAP SUMMARY:
==28701==     in use at exit: 0 bytes in 0 blocks
==28701==   total heap usage: 0 allocs, 0 frees, 0 bytes allocated
==28701== 
==28701== All heap blocks were freed -- no leaks are possible
==28701== 
==28701== ERROR SUMMARY: 0 errors from 0 contexts (suppressed: 6 from 6)
--28701-- 
--28701-- used_suppression:      4 U1004-ARM-_dl_relocate_object
--28701-- used_suppression:      2 glibc-2.5.x-on-SUSE-10.2-(PPC)-2a
==28701== 
==28701== ERROR SUMMARY: 0 errors from 0 contexts (suppressed: 6 from 6)
